<?xml version="1.0" encoding="UTF-8"?>
<testsuite name="com.manning.gia.todo.repository.InMemoryToDoRepositoryNGTest" tests="1" skipped="0" failures="0" errors="0" timestamp="2018-02-09T00:05:44" hostname="DESKTOP-RBAJS8N" time="0.016">
  <properties/>
  <testcase name="testToDoItem" classname="com.manning.gia.todo.repository.InMemoryToDoRepositoryNGTest" time="0.016"/>
  <system-out><![CDATA[]]></system-out>
  <system-err><![CDATA[]]></system-err>
</testsuite>
