<?xml version="1.0" encoding="UTF-8"?>
<testsuite name="com.manning.gia.todo.repository.InMemoryToDoRepositoryNGTest" tests="1" skipped="0" failures="0" errors="0" timestamp="2018-02-08T21:55:59" hostname="DESKTOP-UAOJCAT" time="0.0">
  <properties/>
  <testcase name="testToDoItem" classname="com.manning.gia.todo.repository.InMemoryToDoRepositoryNGTest" time="0.0"/>
  <system-out><![CDATA[]]></system-out>
  <system-err><![CDATA[]]></system-err>
</testsuite>
