<?xml version="1.0" encoding="UTF-8"?>
<testsuite name="com.manning.gia.todo.repository.InMemoryToDoRepositoryTest" tests="7" skipped="0" failures="0" errors="0" timestamp="2018-02-08T21:57:50" hostname="DESKTOP-UAOJCAT" time="0.0">
  <properties/>
  <testcase name="testInsertToDoItem" classname="com.manning.gia.todo.repository.InMemoryToDoRepositoryTest" time="0.0"/>
  <testcase name="testFindAllActiveToDoItems" classname="com.manning.gia.todo.repository.InMemoryToDoRepositoryTest" time="0.0"/>
  <testcase name="testDeleteToDoItem" classname="com.manning.gia.todo.repository.InMemoryToDoRepositoryTest" time="0.0"/>
  <testcase name="testFindAllToDoItems" classname="com.manning.gia.todo.repository.InMemoryToDoRepositoryTest" time="0.0"/>
  <testcase name="testFindAllCompletedToDoItems" classname="com.manning.gia.todo.repository.InMemoryToDoRepositoryTest" time="0.0"/>
  <testcase name="testFindToDoItemById" classname="com.manning.gia.todo.repository.InMemoryToDoRepositoryTest" time="0.0"/>
  <testcase name="testUpdateToDoItem" classname="com.manning.gia.todo.repository.InMemoryToDoRepositoryTest" time="0.0"/>
  <system-out><![CDATA[Finding all To Do items.
Finding all To Do items.
Finding all To Do items.
Finding all To Do items.
Finding all To Do items.
Finding all To Do items.
]]></system-out>
  <system-err><![CDATA[]]></system-err>
</testsuite>
