<?xml version="1.0" encoding="UTF-8"?>
<testsuite name="com.manning.gia.todo.repository.InMemoryToDoRepositorySpec" tests="1" skipped="0" failures="0" errors="0" timestamp="2018-02-09T00:05:45" hostname="DESKTOP-RBAJS8N" time="0.126">
  <properties/>
  <testcase name="Insert To Do item" classname="com.manning.gia.todo.repository.InMemoryToDoRepositorySpec" time="0.126"/>
  <system-out><![CDATA[]]></system-out>
  <system-err><![CDATA[]]></system-err>
</testsuite>
